<?xml version="1.0" encoding="UTF-8"?>
<!-- Generated by org.testng.reporters.JUnitXMLReporter -->
<testsuite hostname="DESKTOP-CP8V7AG" ignored="0" name="Default test" tests="2" failures="0" timestamp="2020-09-10T15:34:44 EDT" time="20.618" errors="0">
  <testcase name="validateCheckbox" time="0.857" classname="com.bobit.qa.testcases.CheckboxPageTest"/>
  <testcase name="validateMultiCheckBox" time="0.813" classname="com.bobit.qa.testcases.CheckboxPageTest"/>
</testsuite> <!-- Default test -->
