<?xml version="1.0" encoding="UTF-8"?>
<!-- Generated by org.testng.reporters.JUnitXMLReporter -->
<testsuite hostname="DESKTOP-CP8V7AG" ignored="0" name="Test" tests="5" failures="0" timestamp="2020-09-06T16:24:27 EDT" time="55.984" errors="0">
  <testcase name="validateFormMessage" time="0.525" classname="com.bobit.qa.testcases.FormPageTest"/>
  <testcase name="validateTotal" time="0.707" classname="com.bobit.qa.testcases.FormPageTest"/>
  <testcase name="validatelogin" time="1.092" classname="com.bobit.qa.testcases.LoginPageTest"/>
  <testcase name="validateCheckbox" time="0.361" classname="com.bobit.qa.testcases.CheckboxPageTest"/>
  <testcase name="validateMultiCheckBox" time="0.381" classname="com.bobit.qa.testcases.CheckboxPageTest"/>
</testsuite> <!-- Test -->
