<?xml version="1.0" encoding="UTF-8"?>
<!-- Generated by org.testng.reporters.JUnitXMLReporter -->
<testsuite hostname="DESKTOP-CP8V7AG" ignored="0" name="Command line test" tests="7" failures="0" timestamp="2020-09-10T14:38:52 EDT" time="75.946" errors="0">
  <testcase name="validateCheckbox" time="0.827" classname="com.bobit.qa.testcases.CheckboxPageTest"/>
  <testcase name="validateMultiCheckBox" time="0.76" classname="com.bobit.qa.testcases.CheckboxPageTest"/>
  <testcase name="validateFormMessage" time="0.811" classname="com.bobit.qa.testcases.FormPageTest"/>
  <testcase name="validateGetTotal" time="0.866" classname="com.bobit.qa.testcases.FormPageTest"/>
  <testcase name="validatelogin" time="1.329" classname="com.bobit.qa.testcases.LoginPageTest"/>
  <testcase name="validateRadioButtonFirst" time="0.944" classname="com.bobit.qa.testcases.RadioButtonPageTest"/>
  <testcase name="validateSecondRadioButton" time="0.821" classname="com.bobit.qa.testcases.RadioButtonPageTest"/>
</testsuite> <!-- Command line test -->
