<?xml version="1.0" encoding="UTF-8"?>
<!-- Generated by org.testng.reporters.JUnitXMLReporter -->
<testsuite hostname="DESKTOP-CP8V7AG" ignored="0" name="BobITWebPractice Automation Test Cases" tests="10" failures="0" timestamp="2020-09-10T00:06:21 EDT" time="115.848" errors="0">
  <testcase name="validatelogin" time="1.577" classname="com.bobit.qa.testcases.LoginPageTest"/>
  <testcase name="validateFormMessage" time="1.104" classname="com.bobit.qa.testcases.FormPageTest"/>
  <testcase name="validateGetTotal" time="1.22" classname="com.bobit.qa.testcases.FormPageTest"/>
  <testcase name="validateCheckbox" time="0.809" classname="com.bobit.qa.testcases.CheckboxPageTest"/>
  <testcase name="validateMultiCheckBox" time="0.824" classname="com.bobit.qa.testcases.CheckboxPageTest"/>
  <testcase name="validateCreateNewContact" time="3.374" classname="com.bobit.qa.testcases.InputFormPageTest1"/>
  <testcase name="validateCreateNewContact" time="4.056" classname="com.bobit.qa.testcases.InputFormPageTest1"/>
  <testcase name="validateCreateNewContact" time="3.113" classname="com.bobit.qa.testcases.InputFormPageTest1"/>
  <testcase name="validateRadioButtonFirst" time="0.842" classname="com.bobit.qa.testcases.RadioButtonPageTest"/>
  <testcase name="validateSecondRadioButton" time="1.158" classname="com.bobit.qa.testcases.RadioButtonPageTest"/>
</testsuite> <!-- BobITWebPractice Automation Test Cases -->
