<?xml version="1.0" encoding="UTF-8"?>
<testsuite xmlns:xsi="http://www.w3.org/2001/XMLSchema-instance" xsi:noNamespaceSchemaLocation="https://maven.apache.org/surefire/maven-surefire-plugin/xsd/surefire-test-report-3.0.xsd" version="3.0" name="TestSuite" time="112.981" tests="10" errors="0" skipped="0" failures="0">
  <properties>
[...]
</properties>
  <testcase name="validatelogin" classname="com.bobit.qa.testcases.LoginPageTest" time="1.378"/>
  <testcase name="validateFormMessage" classname="com.bobit.qa.testcases.FormPageTest" time="0.834"/>
  <testcase name="validateGetTotal" classname="com.bobit.qa.testcases.FormPageTest" time="0.938"/>
  <testcase name="validateCheckbox" classname="com.bobit.qa.testcases.CheckboxPageTest" time="0.717"/>
  <testcase name="validateMultiCheckBox" classname="com.bobit.qa.testcases.CheckboxPageTest" time="0.681"/>
  <testcase name="validateCreateNewContact" classname="com.bobit.qa.testcases.InputFormPageTest1" time="2.683"/>
  <testcase name="validateCreateNewContact" classname="com.bobit.qa.testcases.InputFormPageTest1" time="3.105"/>
  <testcase name="validateCreateNewContact" classname="com.bobit.qa.testcases.InputFormPageTest1" time="2.873"/>
  <testcase name="validateRadioButtonFirst" classname="com.bobit.qa.testcases.RadioButtonPageTest" time="0.861"/>
  <testcase name="validateSecondRadioButton" classname="com.bobit.qa.testcases.RadioButtonPageTest" time="1.01"/>
</testsuite>