<?xml version="1.0" encoding="UTF-8"?>
<testng-results skipped="0" failed="0" ignored="0" total="10" passed="10">
  <reporter-output>
  </reporter-output>
  <suite name="BobITWebPractice Automation Test Suite" duration-ms="111813" started-at="2020-09-10T15:17:10 EDT" finished-at="2020-09-10T15:19:02 EDT">
    <groups>
    </groups>
    <test name="BobITWebPractice Automation Test Cases" duration-ms="111813" started-at="2020-09-10T15:17:10 EDT" finished-at="2020-09-10T15:19:02 EDT">
      <class name="com.bobit.qa.testcases.FormPageTest">
        <test-method status="PASS" signature="setUp()[pri:0, instance:com.bobit.qa.testcases.FormPageTest@e320068]" name="setUp" is-config="true" duration-ms="8336" started-at="2020-09-10T15:17:27 EDT" finished-at="2020-09-10T15:17:35 EDT">
          <reporter-output>
          </reporter-output>
        </test-method> <!-- setUp -->
        <test-method status="PASS" signature="validateFormMessage()[pri:0, instance:com.bobit.qa.testcases.FormPageTest@e320068]" name="validateFormMessage" duration-ms="833" started-at="2020-09-10T15:17:35 EDT" finished-at="2020-09-10T15:17:36 EDT">
          <reporter-output>
          </reporter-output>
        </test-method> <!-- validateFormMessage -->
        <test-method status="PASS" signature="tearDown()[pri:0, instance:com.bobit.qa.testcases.FormPageTest@e320068]" name="tearDown" is-config="true" duration-ms="689" started-at="2020-09-10T15:17:36 EDT" finished-at="2020-09-10T15:17:37 EDT">
          <reporter-output>
          </reporter-output>
        </test-method> <!-- tearDown -->
        <test-method status="PASS" signature="setUp()[pri:0, instance:com.bobit.qa.testcases.FormPageTest@e320068]" name="setUp" is-config="true" duration-ms="8074" started-at="2020-09-10T15:17:37 EDT" finished-at="2020-09-10T15:17:45 EDT">
          <reporter-output>
          </reporter-output>
        </test-method> <!-- setUp -->
        <test-method status="PASS" signature="validateGetTotal()[pri:0, instance:com.bobit.qa.testcases.FormPageTest@e320068]" name="validateGetTotal" duration-ms="820" started-at="2020-09-10T15:17:45 EDT" finished-at="2020-09-10T15:17:46 EDT">
          <reporter-output>
          </reporter-output>
        </test-method> <!-- validateGetTotal -->
        <test-method status="PASS" signature="tearDown()[pri:0, instance:com.bobit.qa.testcases.FormPageTest@e320068]" name="tearDown" is-config="true" duration-ms="1209" started-at="2020-09-10T15:17:46 EDT" finished-at="2020-09-10T15:17:47 EDT">
          <reporter-output>
          </reporter-output>
        </test-method> <!-- tearDown -->
      </class> <!-- com.bobit.qa.testcases.FormPageTest -->
      <class name="com.bobit.qa.testcases.RadioButtonPageTest">
        <test-method status="PASS" signature="setUp()[pri:0, instance:com.bobit.qa.testcases.RadioButtonPageTest@704a52ec]" name="setUp" is-config="true" duration-ms="7993" started-at="2020-09-10T15:18:42 EDT" finished-at="2020-09-10T15:18:50 EDT">
          <reporter-output>
          </reporter-output>
        </test-method> <!-- setUp -->
        <test-method status="PASS" signature="validateRadioButtonFirst()[pri:1, instance:com.bobit.qa.testcases.RadioButtonPageTest@704a52ec]" name="validateRadioButtonFirst" duration-ms="860" started-at="2020-09-10T15:18:50 EDT" finished-at="2020-09-10T15:18:51 EDT">
          <reporter-output>
          </reporter-output>
        </test-method> <!-- validateRadioButtonFirst -->
        <test-method status="PASS" signature="tearDown()[pri:0, instance:com.bobit.qa.testcases.RadioButtonPageTest@704a52ec]" name="tearDown" is-config="true" duration-ms="1234" started-at="2020-09-10T15:18:51 EDT" finished-at="2020-09-10T15:18:52 EDT">
          <reporter-output>
          </reporter-output>
        </test-method> <!-- tearDown -->
        <test-method status="PASS" signature="setUp()[pri:0, instance:com.bobit.qa.testcases.RadioButtonPageTest@704a52ec]" name="setUp" is-config="true" duration-ms="8302" started-at="2020-09-10T15:18:52 EDT" finished-at="2020-09-10T15:19:00 EDT">
          <reporter-output>
          </reporter-output>
        </test-method> <!-- setUp -->
        <test-method status="PASS" signature="validateSecondRadioButton()[pri:2, instance:com.bobit.qa.testcases.RadioButtonPageTest@704a52ec]" name="validateSecondRadioButton" duration-ms="1017" started-at="2020-09-10T15:19:00 EDT" finished-at="2020-09-10T15:19:01 EDT">
          <reporter-output>
          </reporter-output>
        </test-method> <!-- validateSecondRadioButton -->
        <test-method status="PASS" signature="tearDown()[pri:0, instance:com.bobit.qa.testcases.RadioButtonPageTest@704a52ec]" name="tearDown" is-config="true" duration-ms="659" started-at="2020-09-10T15:19:01 EDT" finished-at="2020-09-10T15:19:02 EDT">
          <reporter-output>
          </reporter-output>
        </test-method> <!-- tearDown -->
      </class> <!-- com.bobit.qa.testcases.RadioButtonPageTest -->
      <class name="com.bobit.qa.testcases.CheckboxPageTest">
        <test-method status="PASS" signature="setUp()[pri:0, instance:com.bobit.qa.testcases.CheckboxPageTest@1f57539]" name="setUp" is-config="true" duration-ms="8204" started-at="2020-09-10T15:17:47 EDT" finished-at="2020-09-10T15:17:55 EDT">
          <reporter-output>
          </reporter-output>
        </test-method> <!-- setUp -->
        <test-method status="PASS" signature="validateCheckbox()[pri:1, instance:com.bobit.qa.testcases.CheckboxPageTest@1f57539]" name="validateCheckbox" duration-ms="726" started-at="2020-09-10T15:17:55 EDT" finished-at="2020-09-10T15:17:56 EDT">
          <reporter-output>
          </reporter-output>
        </test-method> <!-- validateCheckbox -->
        <test-method status="PASS" signature="tearDown()[pri:0, instance:com.bobit.qa.testcases.CheckboxPageTest@1f57539]" name="tearDown" is-config="true" duration-ms="668" started-at="2020-09-10T15:17:56 EDT" finished-at="2020-09-10T15:17:57 EDT">
          <reporter-output>
          </reporter-output>
        </test-method> <!-- tearDown -->
        <test-method status="PASS" signature="setUp()[pri:0, instance:com.bobit.qa.testcases.CheckboxPageTest@1f57539]" name="setUp" is-config="true" duration-ms="8070" started-at="2020-09-10T15:17:57 EDT" finished-at="2020-09-10T15:18:05 EDT">
          <reporter-output>
          </reporter-output>
        </test-method> <!-- setUp -->
        <test-method status="PASS" signature="validateMultiCheckBox()[pri:2, instance:com.bobit.qa.testcases.CheckboxPageTest@1f57539]" name="validateMultiCheckBox" duration-ms="683" started-at="2020-09-10T15:18:05 EDT" finished-at="2020-09-10T15:18:05 EDT">
          <reporter-output>
          </reporter-output>
        </test-method> <!-- validateMultiCheckBox -->
        <test-method status="PASS" signature="tearDown()[pri:0, instance:com.bobit.qa.testcases.CheckboxPageTest@1f57539]" name="tearDown" is-config="true" duration-ms="655" started-at="2020-09-10T15:18:05 EDT" finished-at="2020-09-10T15:18:06 EDT">
          <reporter-output>
          </reporter-output>
        </test-method> <!-- tearDown -->
      </class> <!-- com.bobit.qa.testcases.CheckboxPageTest -->
      <class name="com.bobit.qa.testcases.LoginPageTest">
        <test-method status="PASS" signature="setUp()[pri:0, instance:com.bobit.qa.testcases.LoginPageTest@536aaa8d]" name="setUp" is-config="true" duration-ms="14660" started-at="2020-09-10T15:17:10 EDT" finished-at="2020-09-10T15:17:25 EDT">
          <reporter-output>
          </reporter-output>
        </test-method> <!-- setUp -->
        <test-method status="PASS" signature="validatelogin()[pri:0, instance:com.bobit.qa.testcases.LoginPageTest@536aaa8d]" name="validatelogin" duration-ms="1376" started-at="2020-09-10T15:17:25 EDT" finished-at="2020-09-10T15:17:26 EDT">
          <reporter-output>
          </reporter-output>
        </test-method> <!-- validatelogin -->
        <test-method status="PASS" signature="tearDown()[pri:0, instance:com.bobit.qa.testcases.LoginPageTest@536aaa8d]" name="tearDown" is-config="true" duration-ms="671" started-at="2020-09-10T15:17:26 EDT" finished-at="2020-09-10T15:17:27 EDT">
          <reporter-output>
          </reporter-output>
        </test-method> <!-- tearDown -->
      </class> <!-- com.bobit.qa.testcases.LoginPageTest -->
      <class name="com.bobit.qa.testcases.InputFormPageTest1">
        <test-method status="PASS" signature="setUp()[pri:0, instance:com.bobit.qa.testcases.InputFormPageTest1@76f2b07d]" name="setUp" is-config="true" duration-ms="8123" started-at="2020-09-10T15:18:07 EDT" finished-at="2020-09-10T15:18:15 EDT">
          <reporter-output>
          </reporter-output>
        </test-method> <!-- setUp -->
        <test-method status="PASS" signature="validateCreateNewContact(java.lang.String, java.lang.String, java.lang.String, java.lang.String, java.lang.String, java.lang.String, java.lang.String, java.lang.String, java.lang.String)[pri:4, instance:com.bobit.qa.testcases.InputFormPageTest1@76f2b07d]" name="validateCreateNewContact" duration-ms="2682" started-at="2020-09-10T15:18:15 EDT" data-provider="getCRMTestData" finished-at="2020-09-10T15:18:18 EDT">
          <params>
            <param index="0">
              <value>
                <![CDATA[pele]]>
              </value>
            </param>
            <param index="1">
              <value>
                <![CDATA[atar]]>
              </value>
            </param>
            <param index="2">
              <value>
                <![CDATA[aaar@gmail.com]]>
              </value>
            </param>
            <param index="3">
              <value>
                <![CDATA[7145698574]]>
              </value>
            </param>
            <param index="4">
              <value>
                <![CDATA[su sokak su sokak]]>
              </value>
            </param>
            <param index="5">
              <value>
                <![CDATA[ankara]]>
              </value>
            </param>
            <param index="6">
              <value>
                <![CDATA[74563]]>
              </value>
            </param>
            <param index="7">
              <value>
                <![CDATA[www.tarak.com]]>
              </value>
            </param>
            <param index="8">
              <value>
                <![CDATA[cok guzel bir site valla]]>
              </value>
            </param>
          </params>
          <reporter-output>
          </reporter-output>
        </test-method> <!-- validateCreateNewContact -->
        <test-method status="PASS" signature="tearDown()[pri:0, instance:com.bobit.qa.testcases.InputFormPageTest1@76f2b07d]" name="tearDown" is-config="true" duration-ms="696" started-at="2020-09-10T15:18:18 EDT" finished-at="2020-09-10T15:18:18 EDT">
          <reporter-output>
          </reporter-output>
        </test-method> <!-- tearDown -->
        <test-method status="PASS" signature="setUp()[pri:0, instance:com.bobit.qa.testcases.InputFormPageTest1@76f2b07d]" name="setUp" is-config="true" duration-ms="8241" started-at="2020-09-10T15:18:18 EDT" finished-at="2020-09-10T15:18:26 EDT">
          <reporter-output>
          </reporter-output>
        </test-method> <!-- setUp -->
        <test-method status="PASS" signature="validateCreateNewContact(java.lang.String, java.lang.String, java.lang.String, java.lang.String, java.lang.String, java.lang.String, java.lang.String, java.lang.String, java.lang.String)[pri:4, instance:com.bobit.qa.testcases.InputFormPageTest1@76f2b07d]" name="validateCreateNewContact" duration-ms="3104" started-at="2020-09-10T15:18:27 EDT" data-provider="getCRMTestData" finished-at="2020-09-10T15:18:30 EDT">
          <params>
            <param index="0">
              <value>
                <![CDATA[maradona]]>
              </value>
            </param>
            <param index="1">
              <value>
                <![CDATA[sorar]]>
              </value>
            </param>
            <param index="2">
              <value>
                <![CDATA[aaar@gmail.com]]>
              </value>
            </param>
            <param index="3">
              <value>
                <![CDATA[7146532547]]>
              </value>
            </param>
            <param index="4">
              <value>
                <![CDATA[bu sokak su sokak]]>
              </value>
            </param>
            <param index="5">
              <value>
                <![CDATA[bursa]]>
              </value>
            </param>
            <param index="6">
              <value>
                <![CDATA[23658]]>
              </value>
            </param>
            <param index="7">
              <value>
                <![CDATA[www.kurek.com]]>
              </value>
            </param>
            <param index="8">
              <value>
                <![CDATA[pek iyi cok guzel bir site valla]]>
              </value>
            </param>
          </params>
          <reporter-output>
          </reporter-output>
        </test-method> <!-- validateCreateNewContact -->
        <test-method status="PASS" signature="tearDown()[pri:0, instance:com.bobit.qa.testcases.InputFormPageTest1@76f2b07d]" name="tearDown" is-config="true" duration-ms="739" started-at="2020-09-10T15:18:30 EDT" finished-at="2020-09-10T15:18:30 EDT">
          <reporter-output>
          </reporter-output>
        </test-method> <!-- tearDown -->
        <test-method status="PASS" signature="setUp()[pri:0, instance:com.bobit.qa.testcases.InputFormPageTest1@76f2b07d]" name="setUp" is-config="true" duration-ms="8153" started-at="2020-09-10T15:18:30 EDT" finished-at="2020-09-10T15:18:38 EDT">
          <reporter-output>
          </reporter-output>
        </test-method> <!-- setUp -->
        <test-method status="PASS" signature="validateCreateNewContact(java.lang.String, java.lang.String, java.lang.String, java.lang.String, java.lang.String, java.lang.String, java.lang.String, java.lang.String, java.lang.String)[pri:4, instance:com.bobit.qa.testcases.InputFormPageTest1@76f2b07d]" name="validateCreateNewContact" duration-ms="2872" started-at="2020-09-10T15:18:38 EDT" data-provider="getCRMTestData" finished-at="2020-09-10T15:18:41 EDT">
          <params>
            <param index="0">
              <value>
                <![CDATA[zico]]>
              </value>
            </param>
            <param index="1">
              <value>
                <![CDATA[yatar]]>
              </value>
            </param>
            <param index="2">
              <value>
                <![CDATA[aaar3@gmail.com]]>
              </value>
            </param>
            <param index="3">
              <value>
                <![CDATA[7146598574]]>
              </value>
            </param>
            <param index="4">
              <value>
                <![CDATA[o sokak su sokak]]>
              </value>
            </param>
            <param index="5">
              <value>
                <![CDATA[izmier]]>
              </value>
            </param>
            <param index="6">
              <value>
                <![CDATA[96321]]>
              </value>
            </param>
            <param index="7">
              <value>
                <![CDATA[www.zearak.com]]>
              </value>
            </param>
            <param index="8">
              <value>
                <![CDATA[normal olur cok guzel bir site valla]]>
              </value>
            </param>
          </params>
          <reporter-output>
          </reporter-output>
        </test-method> <!-- validateCreateNewContact -->
        <test-method status="PASS" signature="tearDown()[pri:0, instance:com.bobit.qa.testcases.InputFormPageTest1@76f2b07d]" name="tearDown" is-config="true" duration-ms="662" started-at="2020-09-10T15:18:41 EDT" finished-at="2020-09-10T15:18:42 EDT">
          <reporter-output>
          </reporter-output>
        </test-method> <!-- tearDown -->
      </class> <!-- com.bobit.qa.testcases.InputFormPageTest1 -->
    </test> <!-- BobITWebPractice Automation Test Cases -->
  </suite> <!-- BobITWebPractice Automation Test Suite -->
</testng-results>
