<?xml version="1.0" encoding="UTF-8"?>
<testng-results skipped="0" failed="0" ignored="0" total="2" passed="2">
  <reporter-output>
  </reporter-output>
  <suite name="Default suite" duration-ms="20618" started-at="2020-09-10T15:34:23 EDT" finished-at="2020-09-10T15:34:44 EDT">
    <groups>
    </groups>
    <test name="Default test" duration-ms="20618" started-at="2020-09-10T15:34:23 EDT" finished-at="2020-09-10T15:34:44 EDT">
      <class name="com.bobit.qa.testcases.CheckboxPageTest">
        <test-method status="PASS" signature="setUp()[pri:0, instance:com.bobit.qa.testcases.CheckboxPageTest@4470f8a6]" name="setUp" is-config="true" duration-ms="8997" started-at="2020-09-10T15:34:23 EDT" finished-at="2020-09-10T15:34:32 EDT">
          <reporter-output>
          </reporter-output>
        </test-method> <!-- setUp -->
        <test-method status="PASS" signature="validateCheckbox()[pri:1, instance:com.bobit.qa.testcases.CheckboxPageTest@4470f8a6]" name="validateCheckbox" duration-ms="857" started-at="2020-09-10T15:34:32 EDT" finished-at="2020-09-10T15:34:33 EDT">
          <reporter-output>
          </reporter-output>
        </test-method> <!-- validateCheckbox -->
        <test-method status="PASS" signature="tearDown()[pri:0, instance:com.bobit.qa.testcases.CheckboxPageTest@4470f8a6]" name="tearDown" is-config="true" duration-ms="1207" started-at="2020-09-10T15:34:33 EDT" finished-at="2020-09-10T15:34:34 EDT">
          <reporter-output>
          </reporter-output>
        </test-method> <!-- tearDown -->
        <test-method status="PASS" signature="setUp()[pri:0, instance:com.bobit.qa.testcases.CheckboxPageTest@4470f8a6]" name="setUp" is-config="true" duration-ms="7971" started-at="2020-09-10T15:34:34 EDT" finished-at="2020-09-10T15:34:42 EDT">
          <reporter-output>
          </reporter-output>
        </test-method> <!-- setUp -->
        <test-method status="PASS" signature="validateMultiCheckBox()[pri:2, instance:com.bobit.qa.testcases.CheckboxPageTest@4470f8a6]" name="validateMultiCheckBox" duration-ms="813" started-at="2020-09-10T15:34:42 EDT" finished-at="2020-09-10T15:34:43 EDT">
          <reporter-output>
          </reporter-output>
        </test-method> <!-- validateMultiCheckBox -->
        <test-method status="PASS" signature="tearDown()[pri:0, instance:com.bobit.qa.testcases.CheckboxPageTest@4470f8a6]" name="tearDown" is-config="true" duration-ms="718" started-at="2020-09-10T15:34:43 EDT" finished-at="2020-09-10T15:34:44 EDT">
          <reporter-output>
          </reporter-output>
        </test-method> <!-- tearDown -->
      </class> <!-- com.bobit.qa.testcases.CheckboxPageTest -->
    </test> <!-- Default test -->
  </suite> <!-- Default suite -->
</testng-results>
