<?xml version="1.0" encoding="UTF-8"?>
<!-- Generated by org.testng.reporters.JUnitXMLReporter -->
<testsuite hostname="DESKTOP-CP8V7AG" ignored="0" name="BobITWebPractice Automation Test Cases" tests="10" failures="0" timestamp="2020-09-10T15:19:02 EDT" time="111.813" errors="0">
  <testcase name="validatelogin" time="1.376" classname="com.bobit.qa.testcases.LoginPageTest"/>
  <testcase name="validateFormMessage" time="0.833" classname="com.bobit.qa.testcases.FormPageTest"/>
  <testcase name="validateGetTotal" time="0.82" classname="com.bobit.qa.testcases.FormPageTest"/>
  <testcase name="validateCheckbox" time="0.726" classname="com.bobit.qa.testcases.CheckboxPageTest"/>
  <testcase name="validateMultiCheckBox" time="0.683" classname="com.bobit.qa.testcases.CheckboxPageTest"/>
  <testcase name="validateCreateNewContact" time="2.682" classname="com.bobit.qa.testcases.InputFormPageTest1"/>
  <testcase name="validateCreateNewContact" time="3.104" classname="com.bobit.qa.testcases.InputFormPageTest1"/>
  <testcase name="validateCreateNewContact" time="2.872" classname="com.bobit.qa.testcases.InputFormPageTest1"/>
  <testcase name="validateRadioButtonFirst" time="0.86" classname="com.bobit.qa.testcases.RadioButtonPageTest"/>
  <testcase name="validateSecondRadioButton" time="1.017" classname="com.bobit.qa.testcases.RadioButtonPageTest"/>
</testsuite> <!-- BobITWebPractice Automation Test Cases -->
